This is TeX, Version 3.14159 (Web2C 7.4.5) (format=latex 2007.11.21)  4 OCT 2010 12:08
**thesis1
(./thesis1.tex
LaTeX2e <2001/06/01>
Babel <v3.7h> and hyphenation patterns for american, french, german, ngerman, n
ohyphenation, loaded.
(./pittetd.cls
Document Class: pittetd 2004/08/17 v1.618 University of Pittsburgh ETD (Electro
nic Thesis & Dissertations) class
\@etdaux=\write3
\@chapterl=\skip41
\@sectionl=\skip42
\@subsectionl=\skip43
\@subsubsectionl=\skip44
\@singleline=\skip45
\@presubs=\skip46
\@presubsub=\skip47
\@floatl=\skip48
\bibindent=\dimen102
\abovecaptionskip=\skip49
\belowcaptionskip=\skip50
\c@@members=\count79
\c@@addprel=\count80
\c@@appno=\count81
\c@chapter=\count82
\c@section=\count83
\c@subsection=\count84
\c@subsubsection=\count85
\c@paragraph=\count86
\c@subparagraph=\count87
\c@figure=\count88
\c@table=\count89
\@expectedprelim=\toks14
\@committee=\toks15
\@coadv=\toks16
(./pitetd12.clo) (./thesis1.etd)
\subject=\toks17
)
(/usr/share/texmf/tex/latex/hyperref/hyperref.sty
Package: hyperref 2003/01/22 v6.73n Hypertext links for LaTeX

(/usr/share/texmf/tex/latex/graphics/keyval.sty
Package: keyval 1999/03/16 v1.13 key=value parser (DPC)
\KV@toks@=\toks18
)
\@linkdim=\dimen103
\Hy@linkcounter=\count90
\Hy@pagecounter=\count91

(/usr/share/texmf/tex/latex/hyperref/pd1enc.def
File: pd1enc.def 2003/01/22 v6.73n Hyperref: PDFDocEncoding definition (HO)
)
(/usr/share/texmf/tex/latex/config/hyperref.cfg
File: hyperref.cfg 2002/06/06 v1.2 hyperref configuration of TeXLive and teTeX
)
Package hyperref Info: Option `bookmarks' set `true' on input line 1744.
Package hyperref Info: Option `hyperindex' set `false' on input line 1744.
Package hyperref Info: Hyper figures OFF on input line 1792.
Package hyperref Info: Link nesting OFF on input line 1797.
Package hyperref Info: Hyper index OFF on input line 1802.
Package hyperref Info: Plain pages ON on input line 1805.
Package hyperref Info: Backreferencing OFF on input line 1812.

Implicit mode ON; LaTeX internals redefined
Package hyperref Info: Bookmarks ON on input line 1916.
(./url.sty
\Urlmuskip=\muskip10
Package: url 2006/04/12  ver 3.3  Verb mode for urls, etc.
)
LaTeX Info: Redefining \url on input line 2055.
\Fld@menulength=\count92
\Field@Width=\dimen104
\Fld@charsize=\dimen105
\Choice@toks=\toks19
\Field@toks=\toks20
Package hyperref Info: Hyper figures OFF on input line 2513.
Package hyperref Info: Link nesting OFF on input line 2518.
Package hyperref Info: Hyper index OFF on input line 2523.
Package hyperref Info: backreferencing OFF on input line 2528.
Package hyperref Info: Link coloring OFF on input line 2533.
\c@Item=\count93
\c@Hfootnote=\count94
)
*hyperref using default driver hdvips*
(/usr/share/texmf/tex/latex/hyperref/hdvips.def
File: hdvips.def 2003/01/22 v6.73n Hyperref driver for dvips

(/usr/share/texmf/tex/latex/hyperref/pdfmark.def
File: pdfmark.def 2003/01/22 v6.73n Hyperref definitions for pdfmark specials
\pdf@docset=\toks21
\pdf@box=\box26
\pdf@toks=\toks22
\pdf@defaulttoks=\toks23
\Fld@listcount=\count95
\@outlinefile=\write4
)) (./natbib.sty
Package: natbib 1998/07/14 6.8c (PWD)
\bibhang=\skip51
\bibsep=\skip52
LaTeX Info: Redefining \cite on input line 467.
\c@NAT@ctr=\count96
)
(./graphicx.sty
Package: graphicx 1999/02/16 v1.0f Enhanced LaTeX Graphics (DPC,SPQR)
 (/usr/share/texmf/tex/latex/graphics/graphics.sty
Package: graphics 2001/07/07 v1.0n Standard LaTeX Graphics (DPC,SPQR)

(/usr/share/texmf/tex/latex/graphics/trig.sty
Package: trig 1999/03/16 v1.09 sin cos tan (DPC)
)
(/usr/share/texmf/tex/latex/config/graphics.cfg
File: graphics.cfg 2001/08/31 v1.1 graphics configuration of teTeX/TeXLive
)
Package graphics Info: Driver file: dvips.def on input line 80.

(/usr/share/texmf/tex/latex/graphics/dvips.def
File: dvips.def 1999/02/16 v3.0i Driver-dependant file (DPC,SPQR)
))
\Gin@req@height=\dimen106
\Gin@req@width=\dimen107
)
(/usr/share/texmf/tex/latex/amsmath/amsmath.sty
Package: amsmath 2000/07/18 v2.13 AMS math features
\@mathmargin=\skip53

For additional information on amsmath, use the `?' option.
(/usr/share/texmf/tex/latex/amsmath/amstext.sty
Package: amstext 2000/06/29 v2.01

(/usr/share/texmf/tex/latex/amsmath/amsgen.sty
File: amsgen.sty 1999/11/30 v2.0
\@emptytoks=\toks24
\ex@=\dimen108
))
(/usr/share/texmf/tex/latex/amsmath/amsbsy.sty
Package: amsbsy 1999/11/29 v1.2d
\pmbraise@=\dimen109
)
(/usr/share/texmf/tex/latex/amsmath/amsopn.sty
Package: amsopn 1999/12/14 v2.01 operator names
)
\inf@bad=\count97
LaTeX Info: Redefining \frac on input line 211.
\uproot@=\count98
\leftroot@=\count99
LaTeX Info: Redefining \overline on input line 307.
\classnum@=\count100
\DOTSCASE@=\count101
LaTeX Info: Redefining \ldots on input line 379.
LaTeX Info: Redefining \dots on input line 382.
LaTeX Info: Redefining \cdots on input line 467.
\Mathstrutbox@=\box27
\strutbox@=\box28
\big@size=\dimen110
LaTeX Font Info:    Redeclaring font encoding OML on input line 567.
LaTeX Font Info:    Redeclaring font encoding OMS on input line 568.
\macc@depth=\count102
\c@MaxMatrixCols=\count103
\dotsspace@=\muskip11
\c@parentequation=\count104
\dspbrk@lvl=\count105
\tag@help=\toks25
\row@=\count106
\column@=\count107
\maxfields@=\count108
\andhelp@=\toks26
\eqnshift@=\dimen111
\alignsep@=\dimen112
\tagshift@=\dimen113
\tagwidth@=\dimen114
\totwidth@=\dimen115
\lineht@=\dimen116
\@envbody=\toks27
\multlinegap=\skip54
\multlinetaggap=\skip55
\mathdisplay@stack=\toks28
LaTeX Info: Redefining \[ on input line 2666.
LaTeX Info: Redefining \] on input line 2667.
) (./subfigure.sty
Package: subfigure 1995/03/06 v2.0 subfigure package

Package: subfigure 1995/03/06 v2.0
\c@subfigure=\count109
\c@lofdepth=\count110
\c@subtable=\count111
\c@lotdepth=\count112
) (/usr/share/texmf/tex/latex/misc/float.sty
Package: float 2001/11/08 v1.3d Float enhancements (AL)
\c@float@type=\count113
\float@exts=\toks29
\float@box=\box29
\@float@everytoks=\toks30
\@floatcapt=\box30
)
(/usr/share/texmf/tex/latex/tools/calc.sty
Package: calc 1998/07/07 v4.1b Infix arithmetic (KKT,FJ)
\calc@Acount=\count114
\calc@Bcount=\count115
\calc@Adimen=\dimen117
\calc@Bdimen=\dimen118
\calc@Askip=\skip56
\calc@Bskip=\skip57
LaTeX Info: Redefining \setlength on input line 59.
LaTeX Info: Redefining \addtolength on input line 60.
\calc@denominator=\count116
)
(/usr/share/texmf/tex/latex/graphics/color.sty
Package: color 1999/02/16 v1.0i Standard LaTeX Color (DPC)

(/usr/share/texmf/tex/latex/config/color.cfg
File: color.cfg 2001/08/31 v1.1 color configuration of teTeX/TeXLive
)
Package color Info: Driver file: dvips.def on input line 125.

(/usr/share/texmf/tex/latex/graphics/dvipsnam.def
File: dvipsnam.def 1999/02/16 v3.0i Driver-dependant file (DPC,SPQR)
)) (./algorithmic.sty
Package: algorithmic 

Document Style `algorithmic' - environment
(/usr/share/texmf/tex/latex/base/ifthen.sty
Package: ifthen 2001/05/26 v1.1c Standard LaTeX ifthen package (DPC)
)
\c@ALC@line=\count117
\c@ALC@rem=\count118
\ALC@tlm=\skip58
) (./algorithm.sty
Package: algorithm 

Document Style `algorithm' - floating environment
\@float@every@algorithm=\toks31
\c@algorithm=\count119
) (/usr/share/texmf/tex/latex/tools/afterpage.sty
Package: afterpage 1995/10/27 v1.08 After-Page Package (DPC)
\AP@output=\toks32
\AP@partial=\box31
\AP@footins=\box32
) (./thesis1.aux (./intro.aux) (./related.aux) (./compiler.aux) (./patch.aux) (
./protocol.aux)
(./experiment.aux) (./conclusion.aux))
\openout1 = `thesis1.aux'.

LaTeX Font Info:    Checking defaults for OML/cmm/m/it on input line 45.
LaTeX Font Info:    ... okay on input line 45.
LaTeX Font Info:    Checking defaults for T1/cmr/m/n on input line 45.
LaTeX Font Info:    ... okay on input line 45.
LaTeX Font Info:    Checking defaults for OT1/cmr/m/n on input line 45.
LaTeX Font Info:    ... okay on input line 45.
LaTeX Font Info:    Checking defaults for OMS/cmsy/m/n on input line 45.
LaTeX Font Info:    ... okay on input line 45.
LaTeX Font Info:    Checking defaults for OMX/cmex/m/n on input line 45.
LaTeX Font Info:    ... okay on input line 45.
LaTeX Font Info:    Checking defaults for U/cmr/m/n on input line 45.
LaTeX Font Info:    ... okay on input line 45.
LaTeX Font Info:    Checking defaults for PD1/pdf/m/n on input line 45.
LaTeX Font Info:    ... okay on input line 45.
Package hyperref Info: Option `bookmarksnumbered' set `true' on input line 45.
Package hyperref Info: Option `colorlinks' set `true' on input line 45.
Package hyperref Info: Option `bookmarksopen' set `true' on input line 45.
Package hyperref Info: Link coloring ON on input line 45.

(/usr/share/texmf/tex/latex/hyperref/nameref.sty
Package: nameref 2001/01/27 v2.19 Cross-referencing by name of section
\c@section@level=\count120
)
LaTeX Info: Redefining \ref on input line 45.
LaTeX Info: Redefining \pageref on input line 45.
 (./thesis1.out (./thesis1.lof

Package hyperref Warning: Token not allowed in a PDFDocEncoded string,
(hyperref)                removing `\<def>-command' on input line 35.


Package hyperref Warning: Token not allowed in a PDFDocEncoded string,
(hyperref)                removing `\f@encoding' on input line 35.


Package hyperref Warning: Token not allowed in a PDFDocEncoded string,
(hyperref)                removing `\<let>-command' on input line 35.


Package hyperref Warning: Token not allowed in a PDFDocEncoded string,
(hyperref)                removing `\<def>-command' on input line 35.


Package hyperref Warning: Token not allowed in a PDFDocEncoded string,
(hyperref)                removing `\f@family' on input line 35.


Package hyperref Warning: Token not allowed in a PDFDocEncoded string,
(hyperref)                removing `\<def>-command' on input line 35.


Package hyperref Warning: Token not allowed in a PDFDocEncoded string,
(hyperref)                removing `\f@series' on input line 35.


Package hyperref Warning: Token not allowed in a PDFDocEncoded string,
(hyperref)                removing `\<def>-command' on input line 35.


Package hyperref Warning: Token not allowed in a PDFDocEncoded string,
(hyperref)                removing `\f@shape' on input line 35.


Package hyperref Warning: Token not allowed in a PDFDocEncoded string,
(hyperref)                removing `\<def>-command' on input line 35.


Package hyperref Warning: Token not allowed in a PDFDocEncoded string,
(hyperref)                removing `\font@name' on input line 35.


Package hyperref Warning: Token not allowed in a PDFDocEncoded string,
(hyperref)                removing `\OT1/cmr/m/n/12' on input line 35.


Package hyperref Warning: Token not allowed in a PDFDocEncoded string,
(hyperref)                removing `\<def>-command' on input line 36.


Package hyperref Warning: Token not allowed in a PDFDocEncoded string,
(hyperref)                removing `\f@encoding' on input line 36.


Package hyperref Warning: Token not allowed in a PDFDocEncoded string,
(hyperref)                removing `\<let>-command' on input line 36.


Package hyperref Warning: Token not allowed in a PDFDocEncoded string,
(hyperref)                removing `\<def>-command' on input line 36.


Package hyperref Warning: Token not allowed in a PDFDocEncoded string,
(hyperref)                removing `\f@family' on input line 36.


Package hyperref Warning: Token not allowed in a PDFDocEncoded string,
(hyperref)                removing `\<def>-command' on input line 36.


Package hyperref Warning: Token not allowed in a PDFDocEncoded string,
(hyperref)                removing `\f@series' on input line 36.


Package hyperref Warning: Token not allowed in a PDFDocEncoded string,
(hyperref)                removing `\<def>-command' on input line 36.


Package hyperref Warning: Token not allowed in a PDFDocEncoded string,
(hyperref)                removing `\f@shape' on input line 36.


Package hyperref Warning: Token not allowed in a PDFDocEncoded string,
(hyperref)                removing `\<def>-command' on input line 36.


Package hyperref Warning: Token not allowed in a PDFDocEncoded string,
(hyperref)                removing `\font@name' on input line 36.


Package hyperref Warning: Token not allowed in a PDFDocEncoded string,
(hyperref)                removing `\OT1/cmr/m/n/12' on input line 36.


Package hyperref Warning: Token not allowed in a PDFDocEncoded string,
(hyperref)                removing `\<def>-command' on input line 37.


Package hyperref Warning: Token not allowed in a PDFDocEncoded string,
(hyperref)                removing `\f@encoding' on input line 37.


Package hyperref Warning: Token not allowed in a PDFDocEncoded string,
(hyperref)                removing `\<let>-command' on input line 37.


Package hyperref Warning: Token not allowed in a PDFDocEncoded string,
(hyperref)                removing `\<def>-command' on input line 37.


Package hyperref Warning: Token not allowed in a PDFDocEncoded string,
(hyperref)                removing `\f@family' on input line 37.


Package hyperref Warning: Token not allowed in a PDFDocEncoded string,
(hyperref)                removing `\<def>-command' on input line 37.


Package hyperref Warning: Token not allowed in a PDFDocEncoded string,
(hyperref)                removing `\f@series' on input line 37.


Package hyperref Warning: Token not allowed in a PDFDocEncoded string,
(hyperref)                removing `\<def>-command' on input line 37.


Package hyperref Warning: Token not allowed in a PDFDocEncoded string,
(hyperref)                removing `\f@shape' on input line 37.


Package hyperref Warning: Token not allowed in a PDFDocEncoded string,
(hyperref)                removing `\<def>-command' on input line 37.


Package hyperref Warning: Token not allowed in a PDFDocEncoded string,
(hyperref)                removing `\font@name' on input line 37.


Package hyperref Warning: Token not allowed in a PDFDocEncoded string,
(hyperref)                removing `\OT1/cmr/m/n/12' on input line 37.


Package hyperref Warning: Token not allowed in a PDFDocEncoded string,
(hyperref)                removing `\<def>-command' on input line 38.


Package hyperref Warning: Token not allowed in a PDFDocEncoded string,
(hyperref)                removing `\f@encoding' on input line 38.


Package hyperref Warning: Token not allowed in a PDFDocEncoded string,
(hyperref)                removing `\<let>-command' on input line 38.


Package hyperref Warning: Token not allowed in a PDFDocEncoded string,
(hyperref)                removing `\<def>-command' on input line 38.


Package hyperref Warning: Token not allowed in a PDFDocEncoded string,
(hyperref)                removing `\f@family' on input line 38.


Package hyperref Warning: Token not allowed in a PDFDocEncoded string,
(hyperref)                removing `\<def>-command' on input line 38.


Package hyperref Warning: Token not allowed in a PDFDocEncoded string,
(hyperref)                removing `\f@series' on input line 38.


Package hyperref Warning: Token not allowed in a PDFDocEncoded string,
(hyperref)                removing `\<def>-command' on input line 38.


Package hyperref Warning: Token not allowed in a PDFDocEncoded string,
(hyperref)                removing `\f@shape' on input line 38.


Package hyperref Warning: Token not allowed in a PDFDocEncoded string,
(hyperref)                removing `\<def>-command' on input line 38.


Package hyperref Warning: Token not allowed in a PDFDocEncoded string,
(hyperref)                removing `\font@name' on input line 38.


Package hyperref Warning: Token not allowed in a PDFDocEncoded string,
(hyperref)                removing `\OT1/cmr/m/n/12' on input line 38.


Package hyperref Warning: Token not allowed in a PDFDocEncoded string,
(hyperref)                removing `math shift' on input line 64.


Package hyperref Warning: Token not allowed in a PDFDocEncoded string,
(hyperref)                removing `subscript' on input line 64.


Package hyperref Warning: Token not allowed in a PDFDocEncoded string,
(hyperref)                removing `math shift' on input line 64.


Package hyperref Warning: Token not allowed in a PDFDocEncoded string,
(hyperref)                removing `math shift' on input line 65.


Package hyperref Warning: Token not allowed in a PDFDocEncoded string,
(hyperref)                removing `subscript' on input line 65.


Package hyperref Warning: Token not allowed in a PDFDocEncoded string,
(hyperref)                removing `math shift' on input line 65.


Package hyperref Warning: Token not allowed in a PDFDocEncoded string,
(hyperref)                removing `math shift' on input line 72.


Package hyperref Warning: Token not allowed in a PDFDocEncoded string,
(hyperref)                removing `subscript' on input line 72.


Package hyperref Warning: Token not allowed in a PDFDocEncoded string,
(hyperref)                removing `math shift' on input line 72.


Package hyperref Warning: Token not allowed in a PDFDocEncoded string,
(hyperref)                removing `math shift' on input line 73.


Package hyperref Warning: Token not allowed in a PDFDocEncoded string,
(hyperref)                removing `subscript' on input line 73.


Package hyperref Warning: Token not allowed in a PDFDocEncoded string,
(hyperref)                removing `math shift' on input line 73.


Package hyperref Warning: Token not allowed in a PDFDocEncoded string,
(hyperref)                removing `math shift' on input line 74.


Package hyperref Warning: Token not allowed in a PDFDocEncoded string,
(hyperref)                removing `subscript' on input line 74.


Package hyperref Warning: Token not allowed in a PDFDocEncoded string,
(hyperref)                removing `math shift' on input line 74.

)) (./thesis1.out (./thesis1.lof

Package hyperref Warning: Token not allowed in a PDFDocEncoded string,
(hyperref)                removing `\<def>-command' on input line 35.


Package hyperref Warning: Token not allowed in a PDFDocEncoded string,
(hyperref)                removing `\f@encoding' on input line 35.


Package hyperref Warning: Token not allowed in a PDFDocEncoded string,
(hyperref)                removing `\<let>-command' on input line 35.


Package hyperref Warning: Token not allowed in a PDFDocEncoded string,
(hyperref)                removing `\<def>-command' on input line 35.


Package hyperref Warning: Token not allowed in a PDFDocEncoded string,
(hyperref)                removing `\f@family' on input line 35.


Package hyperref Warning: Token not allowed in a PDFDocEncoded string,
(hyperref)                removing `\<def>-command' on input line 35.


Package hyperref Warning: Token not allowed in a PDFDocEncoded string,
(hyperref)                removing `\f@series' on input line 35.


Package hyperref Warning: Token not allowed in a PDFDocEncoded string,
(hyperref)                removing `\<def>-command' on input line 35.


Package hyperref Warning: Token not allowed in a PDFDocEncoded string,
(hyperref)                removing `\f@shape' on input line 35.


Package hyperref Warning: Token not allowed in a PDFDocEncoded string,
(hyperref)                removing `\<def>-command' on input line 35.


Package hyperref Warning: Token not allowed in a PDFDocEncoded string,
(hyperref)                removing `\font@name' on input line 35.


Package hyperref Warning: Token not allowed in a PDFDocEncoded string,
(hyperref)                removing `\OT1/cmr/m/n/12' on input line 35.


Package hyperref Warning: Token not allowed in a PDFDocEncoded string,
(hyperref)                removing `\<def>-command' on input line 36.


Package hyperref Warning: Token not allowed in a PDFDocEncoded string,
(hyperref)                removing `\f@encoding' on input line 36.


Package hyperref Warning: Token not allowed in a PDFDocEncoded string,
(hyperref)                removing `\<let>-command' on input line 36.


Package hyperref Warning: Token not allowed in a PDFDocEncoded string,
(hyperref)                removing `\<def>-command' on input line 36.


Package hyperref Warning: Token not allowed in a PDFDocEncoded string,
(hyperref)                removing `\f@family' on input line 36.


Package hyperref Warning: Token not allowed in a PDFDocEncoded string,
(hyperref)                removing `\<def>-command' on input line 36.


Package hyperref Warning: Token not allowed in a PDFDocEncoded string,
(hyperref)                removing `\f@series' on input line 36.


Package hyperref Warning: Token not allowed in a PDFDocEncoded string,
(hyperref)                removing `\<def>-command' on input line 36.


Package hyperref Warning: Token not allowed in a PDFDocEncoded string,
(hyperref)                removing `\f@shape' on input line 36.


Package hyperref Warning: Token not allowed in a PDFDocEncoded string,
(hyperref)                removing `\<def>-command' on input line 36.


Package hyperref Warning: Token not allowed in a PDFDocEncoded string,
(hyperref)                removing `\font@name' on input line 36.


Package hyperref Warning: Token not allowed in a PDFDocEncoded string,
(hyperref)                removing `\OT1/cmr/m/n/12' on input line 36.


Package hyperref Warning: Token not allowed in a PDFDocEncoded string,
(hyperref)                removing `\<def>-command' on input line 37.


Package hyperref Warning: Token not allowed in a PDFDocEncoded string,
(hyperref)                removing `\f@encoding' on input line 37.


Package hyperref Warning: Token not allowed in a PDFDocEncoded string,
(hyperref)                removing `\<let>-command' on input line 37.


Package hyperref Warning: Token not allowed in a PDFDocEncoded string,
(hyperref)                removing `\<def>-command' on input line 37.


Package hyperref Warning: Token not allowed in a PDFDocEncoded string,
(hyperref)                removing `\f@family' on input line 37.


Package hyperref Warning: Token not allowed in a PDFDocEncoded string,
(hyperref)                removing `\<def>-command' on input line 37.


Package hyperref Warning: Token not allowed in a PDFDocEncoded string,
(hyperref)                removing `\f@series' on input line 37.


Package hyperref Warning: Token not allowed in a PDFDocEncoded string,
(hyperref)                removing `\<def>-command' on input line 37.


Package hyperref Warning: Token not allowed in a PDFDocEncoded string,
(hyperref)                removing `\f@shape' on input line 37.


Package hyperref Warning: Token not allowed in a PDFDocEncoded string,
(hyperref)                removing `\<def>-command' on input line 37.


Package hyperref Warning: Token not allowed in a PDFDocEncoded string,
(hyperref)                removing `\font@name' on input line 37.


Package hyperref Warning: Token not allowed in a PDFDocEncoded string,
(hyperref)                removing `\OT1/cmr/m/n/12' on input line 37.


Package hyperref Warning: Token not allowed in a PDFDocEncoded string,
(hyperref)                removing `\<def>-command' on input line 38.


Package hyperref Warning: Token not allowed in a PDFDocEncoded string,
(hyperref)                removing `\f@encoding' on input line 38.


Package hyperref Warning: Token not allowed in a PDFDocEncoded string,
(hyperref)                removing `\<let>-command' on input line 38.


Package hyperref Warning: Token not allowed in a PDFDocEncoded string,
(hyperref)                removing `\<def>-command' on input line 38.


Package hyperref Warning: Token not allowed in a PDFDocEncoded string,
(hyperref)                removing `\f@family' on input line 38.


Package hyperref Warning: Token not allowed in a PDFDocEncoded string,
(hyperref)                removing `\<def>-command' on input line 38.


Package hyperref Warning: Token not allowed in a PDFDocEncoded string,
(hyperref)                removing `\f@series' on input line 38.


Package hyperref Warning: Token not allowed in a PDFDocEncoded string,
(hyperref)                removing `\<def>-command' on input line 38.


Package hyperref Warning: Token not allowed in a PDFDocEncoded string,
(hyperref)                removing `\f@shape' on input line 38.


Package hyperref Warning: Token not allowed in a PDFDocEncoded string,
(hyperref)                removing `\<def>-command' on input line 38.


Package hyperref Warning: Token not allowed in a PDFDocEncoded string,
(hyperref)                removing `\font@name' on input line 38.


Package hyperref Warning: Token not allowed in a PDFDocEncoded string,
(hyperref)                removing `\OT1/cmr/m/n/12' on input line 38.


Package hyperref Warning: Token not allowed in a PDFDocEncoded string,
(hyperref)                removing `math shift' on input line 64.


Package hyperref Warning: Token not allowed in a PDFDocEncoded string,
(hyperref)                removing `subscript' on input line 64.


Package hyperref Warning: Token not allowed in a PDFDocEncoded string,
(hyperref)                removing `math shift' on input line 64.


Package hyperref Warning: Token not allowed in a PDFDocEncoded string,
(hyperref)                removing `math shift' on input line 65.


Package hyperref Warning: Token not allowed in a PDFDocEncoded string,
(hyperref)                removing `subscript' on input line 65.


Package hyperref Warning: Token not allowed in a PDFDocEncoded string,
(hyperref)                removing `math shift' on input line 65.


Package hyperref Warning: Token not allowed in a PDFDocEncoded string,
(hyperref)                removing `math shift' on input line 72.


Package hyperref Warning: Token not allowed in a PDFDocEncoded string,
(hyperref)                removing `subscript' on input line 72.


Package hyperref Warning: Token not allowed in a PDFDocEncoded string,
(hyperref)                removing `math shift' on input line 72.


Package hyperref Warning: Token not allowed in a PDFDocEncoded string,
(hyperref)                removing `math shift' on input line 73.


Package hyperref Warning: Token not allowed in a PDFDocEncoded string,
(hyperref)                removing `subscript' on input line 73.


Package hyperref Warning: Token not allowed in a PDFDocEncoded string,
(hyperref)                removing `math shift' on input line 73.


Package hyperref Warning: Token not allowed in a PDFDocEncoded string,
(hyperref)                removing `math shift' on input line 74.


Package hyperref Warning: Token not allowed in a PDFDocEncoded string,
(hyperref)                removing `subscript' on input line 74.


Package hyperref Warning: Token not allowed in a PDFDocEncoded string,
(hyperref)                removing `math shift' on input line 74.

))
\openout4 = `thesis1.out'.



Class pittetd Warning: I assumed `2010' for the year. You can use \year to chan
ge it.

[1] [2

]
Abstract
(./abstract.tex [3

]) [4]
Table of Contents
(./thesis1.toc [5

] [6] [7])
\tf@toc=\write5
\openout5 = `thesis1.toc'.

 [8]
List of Figures
(./thesis1.lof [9

]
Overfull \hbox (3.26126pt too wide) in paragraph at lines 29--29
 [][] [] [][]  
 []

[10])
\tf@lof=\write6
\openout6 = `thesis1.lof'.

 [11]
\openout2 = `intro.aux'.

 (./intro.tex
Chapter 1
File: figures/mica2.eps Graphic file (type eps)
<figures/mica2.eps>
File: figures/mpr400.eps Graphic file (type eps)
 <figures/mpr400.eps>

Package hyperref Warning: bookmark level for unknown subfigure defaults to 0.


Package hyperref Warning: bookmark level for unknown subfigure defaults to 0.

[1



]
File: figures/imote2.eps Graphic file (type eps)
 <figures/imote2.eps>
File: figures/imotedia.eps Graphic file (type eps)
 <figures/imotedia.eps>

Package hyperref Warning: bookmark level for unknown subfigure defaults to 0.


Package hyperref Warning: bookmark level for unknown subfigure defaults to 0.

[2]
File: figures/upgrade.eps Graphic file (type eps)
 <figures/upgrade.eps> [3]
File: figures/switch.eps Graphic file (type eps)
 <figures/switch.eps>
Underfull \vbox (badness 1675) has occurred while \output is active []

 [4]
[5]
File: figures/model.eps Graphic file (type eps)
 <figures/model.eps>
Overfull \hbox (40.19673pt too wide) in paragraph at lines 85--86
 [][] 
 []

[6] [7] [8])
Underfull \vbox (badness 10000) has occurred while \output is active []

 [9]
[10]
\openout2 = `related.aux'.

 (./related.tex
Chapter 2
[11



]
File: figures/compiler.eps Graphic file (type eps)
 <figures/compiler.eps> [12] [13]
Underfull \vbox (badness 10000) has occurred while \output is active []

 [14]
File: figures/agu.eps Graphic file (type eps)

<figures/agu.eps>

Class pittetd Warning: The caption of Figure 7 is longer than one line on input
 line 86.


Underfull \vbox (badness 4995) has occurred while \output is active []

 [15]
Underfull \vbox (badness 2253) has occurred while \output is active []

 [16]
[17]
Underfull \vbox (badness 10000) has occurred while \output is active []

 [18]
File: figures/basic-protocol.eps Graphic file (type eps)

<figures/basic-protocol.eps> [19]) [20]
\openout2 = `compiler.aux'.

 (./compiler.tex
Chapter 3
File: figures/com_sink.eps Graphic file (type eps)
<figures/com_sink.eps> [21



]
File: figures/com_sensor.eps Graphic file (type eps)
 <figures/com_sensor.eps>
File: figures/fdata.0.eps Graphic file (type eps)
 <figures/fdata.0.eps>

Class pittetd Warning: The caption of Figure 11 is longer than one line on inpu
t line 51.

[22] [23]
File: figures/ram.eps Graphic file (type eps)
 <figures/ram.eps>
LaTeX Font Info:    Try loading font information for OMS+cmr on input line 106.

 (/usr/share/texmf/tex/latex/base/omscmr.fd
File: omscmr.fd 1999/05/25 v2.5h Standard LaTeX font definitions
)
LaTeX Font Info:    Font shape `OMS/cmr/m/n' in size <12> not available
(Font)              Font shape `OMS/cmsy/m/n' tried instead on input line 106.

[24]

Package hyperref Warning: bookmark level for unknown algorithm defaults to 0.

[25]
File: figures/stack.eps Graphic file (type eps)
 <figures/stack.eps> [26]

Package amsmath Warning: Foreign command \over;
(amsmath)                \frac or \genfrac should be used instead
(amsmath)                 on input line 254.

[27]
File: figures/freg.0.eps Graphic file (type eps)
 <figures/freg.0.eps>

Class pittetd Warning: The caption of Figure 14 is longer than one line on inpu
t line 325.


Underfull \vbox (badness 10000) has occurred while \output is active []

 [28]
[29] [30] [31] [32] [33]
Overfull \hbox (17.4381pt too wide) in alignment at lines 553--558
 [][][] []
 []

[34] [35] [36] [37]
Underfull \vbox (badness 1442) has occurred while \output is active []

 [38]
Overfull \hbox (4.96461pt too wide) in paragraph at lines 839--847
[][]
 []

[39] [40] [41] [42] [43]
File: figures/csoa.eps Graphic file (type eps)
 <figures/csoa.eps>

Class pittetd Warning: The caption of Figure 23 is longer than one line on inpu
t line 1050.

[44]
File: figures/updcsoa.eps Graphic file (type eps)
 <figures/updcsoa.eps>

Class pittetd Warning: The caption of Figure 24 is longer than one line on inpu
t line 1069.


Class pittetd Warning: The caption of Figure 25 is longer than one line on inpu
t line 1108.


Underfull \vbox (badness 10000) has occurred while \output is active []

 [45]
File: ./figures/icsoa-overview.eps Graphic file (type eps)

<./figures/icsoa-overview.eps>
Overfull \hbox (21.67975pt too wide) in paragraph at lines 1132--1133
 [] 
 []

[46] [47]

Package hyperref Warning: bookmark level for unknown algorithm defaults to 0.


Underfull \vbox (badness 10000) has occurred while \output is active []

 [48]
File: ./figures/icsoa.eps Graphic file (type eps)

<./figures/icsoa.eps>

Class pittetd Warning: The caption of Figure 27 is longer than one line on inpu
t line 1189.

[49]

Package hyperref Warning: bookmark level for unknown algorithm defaults to 0.


Underfull \vbox (badness 10000) has occurred while \output is active []

 [50])
[51]
\openout2 = `patch.aux'.

 (./patch.tex
Chapter 4
File: figures/patch.eps Graphic file (type eps)
<figures/patch.eps> [52



]
File: figures/fopcode.eps Graphic file (type eps)
 <figures/fopcode.eps> [53]
File: figures/sother.eps Graphic file (type eps)
 <figures/sother.eps>

Class pittetd Warning: The caption of Figure 30 is longer than one line on inpu
t line 42.


Underfull \vbox (badness 10000) has occurred while \output is active []

 [54]
File: figures/shift.eps Graphic file (type eps)

<figures/shift.eps>

Class pittetd Warning: The caption of Figure 31 is longer than one line on inpu
t line 76.

[55] [56]
File: figures/sclone.eps Graphic file (type eps)
 <figures/sclone.eps>

Class pittetd Warning: The caption of Figure 32 is longer than one line on inpu
t line 163.

[57]
File: ./figures/insacc.eps Graphic file (type eps)
 <./figures/insacc.eps>

Class pittetd Warning: The caption of Figure 33 is longer than one line on inpu
t line 225.

[58]
Overfull \hbox (19.56865pt too wide) in paragraph at lines 246--254
[]\OT1/cmr/m/n/12 Let us call the last mem-ory ac-cess in-struc-tion be-fore th
e in-serted in-struc-tion the \OT1/cmtt/m/n/12 predecessor
 []

[59]
File: ./figures/insert_access.eps Graphic file (type eps)
 <./figures/insert_access.eps> [60]

Package hyperref Warning: bookmark level for unknown algorithm defaults to 0.

[61] [62]

Package hyperref Warning: bookmark level for unknown algorithm defaults to 0.

[63]
File: ./figures/fopcodedata.eps Graphic file (type eps)
 <./figures/fopcodedata.eps> [64] [65]
File: ./figures/correct.eps Graphic file (type eps)
 <./figures/correct.eps>

Class pittetd Warning: The caption of Figure 36 is longer than one line on inpu
t line 485.

[66] [67] [68]

Package hyperref Warning: bookmark level for unknown algorithm defaults to 0.

) [69] [70]
\openout2 = `protocol.aux'.

 (./protocol.tex
Chapter 5
[71



]
File: figures/deluge.eps Graphic file (type eps)
 <figures/deluge.eps>
File: figures/fnet.eps Graphic file (type eps)
 <figures/fnet.eps> [72] [73] [74]
File: figures/ftable.eps Graphic file (type eps)

<figures/ftable.eps> [75] [76]
File: figures/fgrad.eps Graphic file (type eps)
 <figures/fgrad.eps>

Class pittetd Warning: The caption of Figure 42 is longer than one line on inpu
t line 136.


Underfull \vbox (badness 10000) has occurred while \output is active []

 [77]
[78]
File: figures/common.eps Graphic file (type eps)
 <figures/common.eps>
Missing character: There is no ^^93 in font cmr12!
Missing character: There is no ^^94 in font cmr12!
 [79] [80]
Missing character: There is no ^^97 in font cmr12!
Missing character: There is no ^^97 in font cmr12!

Underfull \vbox (badness 10000) has occurred while \output is active []

 [81]
Missing character: There is no ^^97 in font cmr12!
Missing character: There is no ^^d7 in font cmr12!

[82]
Missing character: There is no ^^97 in font cmr12!
) [83]
\openout2 = `experiment.aux'.

 (./experiment.tex
Chapter 6

Underfull \vbox (badness 6125) has occurred while \output is active []

 [84



]
Underfull \hbox (badness 10000) in paragraph at lines 69--69
[]\OT1/cmr/m/n/10.95 Update
 []


Overfull \hbox (23.09242pt too wide) in paragraph at lines 92--104
 [] 
 []


Underfull \vbox (badness 10000) has occurred while \output is active []

 [85]
[86]
Overfull \hbox (0.9734pt too wide) in paragraph at lines 128--128
[]\OT1/cmr/m/n/10.95 TinyOS| 
 []


Overfull \hbox (0.9734pt too wide) in paragraph at lines 131--131
[]\OT1/cmr/m/n/10.95 TinyOS| 
 []


Overfull \hbox (0.9734pt too wide) in paragraph at lines 136--136
[]\OT1/cmr/m/n/10.95 TinyOS| 
 []


Underfull \hbox (badness 10000) in paragraph at lines 140--140
[]\OT1/cmr/m/n/10.95 CntToLeds
 []


Overfull \hbox (0.9734pt too wide) in paragraph at lines 140--140
[]\OT1/cmr/m/n/10.95 TinyOS| 
 []


Underfull \hbox (badness 10000) in paragraph at lines 143--143
[]\OT1/cmr/m/n/10.95 Crypto
 []


Overfull \hbox (0.9734pt too wide) in paragraph at lines 146--146
[]\OT1/cmr/m/n/10.95 TinyOS| 
 []


Overfull \hbox (3.69981pt too wide) in paragraph at lines 114--152
\OT1/cmr/m/n/12 tion/deletion/update in-side and out-side loops, and the con-tr
ol flow in-ser-tion/deletion/update.
 []


Underfull \hbox (badness 10000) in paragraph at lines 166--166
[]\OT1/cmr/m/n/10.95 Update
 []


Overfull \hbox (3.10257pt too wide) in paragraph at lines 183--183
[]\OT1/cmr/m/n/10.95 Medium| 
 []


Overfull \hbox (3.10257pt too wide) in paragraph at lines 186--186
[]\OT1/cmr/m/n/10.95 Medium| 
 []


Overfull \hbox (3.10257pt too wide) in paragraph at lines 189--189
[]\OT1/cmr/m/n/10.95 Medium| 
 []


Overfull \hbox (3.10257pt too wide) in paragraph at lines 192--192
[]\OT1/cmr/m/n/10.95 Medium| 
 []


Overfull \hbox (3.10257pt too wide) in paragraph at lines 195--195
[]\OT1/cmr/m/n/10.95 Medium| 
 []


Underfull \hbox (badness 5260) in paragraph at lines 195--195
[]\OT1/cmr/m/n/10.95 Add an else branch for an if state-ment in
 []


Underfull \hbox (badness 10000) in paragraph at lines 197--197
[]\OT1/cmr/m/n/10.95 CntToRfms
 []


Underfull \hbox (badness 3219) in paragraph at lines 197--197
\OMS/cmsy/m/n/10.95 )$ \OT1/cmr/m/n/10.95 Cnt-ToLed-
 []


Underfull \hbox (badness 10000) in paragraph at lines 199--199
[]\OT1/cmr/m/n/10.95 CntToLeds$\OMS/cmsy/m/n/10.95 )$
 []


Overfull \hbox (3.10257pt too wide) in paragraph at lines 201--201
[]\OT1/cmr/m/n/10.95 Medium| 
 []


Overfull \hbox (3.10257pt too wide) in paragraph at lines 203--203
[]\OT1/cmr/m/n/10.95 Medium| 
 []


Overfull \hbox (3.10257pt too wide) in paragraph at lines 206--206
[]\OT1/cmr/m/n/10.95 Medium| 
 []


Overfull \hbox (3.10257pt too wide) in paragraph at lines 207--207
[]\OT1/cmr/m/n/10.95 Medium| 
 []

[87]
Overfull \hbox (1.9889pt too wide) in paragraph at lines 246--246
[]\OT1/cmr/m/n/10.95 matrix1.c| 
 []


Overfull \hbox (1.9889pt too wide) in paragraph at lines 250--250
[]\OT1/cmr/m/n/10.95 matrix1.c| 
 []


Overfull \hbox (1.4112pt too wide) in paragraph at lines 230--255
 [] 
 []


Underfull \vbox (badness 3942) has occurred while \output is active []

 [88]
[89] [90] [91] [92]
File: figures/upd.eps Graphic file (type eps)
 <figures/upd.eps> [93]
File: figures/prof.eps Graphic file (type eps)
 <figures/prof.eps> [94] [95]
File: figures/energy.eps Graphic file (type eps)

<figures/energy.eps> [96]
File: figures/inst-cons.eps Graphic file (type eps)
 <figures/inst-cons.eps>
File: figures/iter_linear.eps Graphic file (type eps)
 <figures/iter_linear.eps>

Class pittetd Warning: The caption of Figure 53 is longer than one line on inpu
t line 549.

File: figures/time_linear.eps Graphic file (type eps)
<figures/time_linear.eps>

Class pittetd Warning: The caption of Figure 54 is longer than one line on inpu
t line 584.

[97] [98] [99]
Overfull \hbox (28.82625pt too wide) in paragraph at lines 639--644
[]\OT1/cmr/m/n/12 The up-date bench-marks are cre-ated based on the AES ap-pli-
ca-tion, shown in Fig-ure fbench.chg1
 []

[100]
File: ./figures/da-upd.eps Graphic file (type eps)
 <./figures/da-upd.eps>
Underfull \vbox (badness 10000) has occurred while \output is active []

 [101]
File: ./figures/stacksize.eps Graphic file (type eps)

<./figures/stacksize.eps>
Underfull \vbox (badness 10000) has occurred while \output is active []

 [102]
File: ./figures/spacetradeoff.eps Graphic file (type eps)

<./figures/spacetradeoff.eps> [103]
File: ./figures/inte-upd.eps Graphic file (type eps)
 <./figures/inte-upd.eps>
Underfull \vbox (badness 5771) has occurred while \output is active []

 [104]
Underfull \hbox (badness 10000) in paragraph at lines 787--787
[]\OT1/cmr/m/n/10.95 GCC
 []


Overfull \hbox (1.15918pt too wide) in paragraph at lines 787--787
\OT1/cmr/m/n/10.95 Script
 []


Underfull \hbox (badness 10000) in paragraph at lines 787--787
\OT1/cmr/m/n/10.95 Size
 []


Overfull \hbox (6.05627pt too wide) in paragraph at lines 787--787
\OT1/cmr/m/n/10.95 (bytes)| 
 []


Overfull \hbox (6.49747pt too wide) in paragraph at lines 787--787
[]\OT1/cmr/m/n/10.95 #A| 
 []


Overfull \hbox (6.34538pt too wide) in paragraph at lines 787--787
[]\OT1/cmr/m/n/10.95 #R| 
 []


Overfull \hbox (2.12334pt too wide) in paragraph at lines 787--787
[]\OT1/cmr/m/n/10.95 #P| 
 []


Overfull \hbox (2.57959pt too wide) in paragraph at lines 787--787
[]\OT1/cmr/m/n/10.95 #C| 
 []


Overfull \hbox (5.12872pt too wide) in paragraph at lines 787--787
[]\OT1/cmr/m/n/10.95 #L| 
 []


Underfull \hbox (badness 10000) in paragraph at lines 788--788
[]\OT1/cmr/m/n/10.95 UCC
 []


Overfull \hbox (1.15918pt too wide) in paragraph at lines 788--788
\OT1/cmr/m/n/10.95 Script
 []


Underfull \hbox (badness 10000) in paragraph at lines 788--788
\OT1/cmr/m/n/10.95 Size
 []


Overfull \hbox (6.05627pt too wide) in paragraph at lines 788--788
\OT1/cmr/m/n/10.95 (bytes)| 
 []


Overfull \hbox (6.49747pt too wide) in paragraph at lines 788--788
[]\OT1/cmr/m/n/10.95 #A| 
 []


Overfull \hbox (6.34538pt too wide) in paragraph at lines 788--788
[]\OT1/cmr/m/n/10.95 #R| 
 []


Overfull \hbox (2.12334pt too wide) in paragraph at lines 788--788
[]\OT1/cmr/m/n/10.95 #P| 
 []


Overfull \hbox (2.57959pt too wide) in paragraph at lines 788--788
[]\OT1/cmr/m/n/10.95 #C| 
 []


Overfull \hbox (5.12872pt too wide) in paragraph at lines 788--788
[]\OT1/cmr/m/n/10.95 #L| 
 []


Overfull \hbox (1.97125pt too wide) in paragraph at lines 795--795
[]\OT1/cmr/m/n/10.95 143| 
 []


Overfull \hbox (1.97125pt too wide) in paragraph at lines 795--795
[]\OT1/cmr/m/n/10.95 162| 
 []


Class pittetd Warning: The caption of Figure 59 is longer than one line on inpu
t line 800.


Underfull \vbox (badness 2326) has occurred while \output is active []

 [105]
[106] [107]
File: ./figures/update1.eps Graphic file (type eps)
 <./figures/update1.eps>
File: ./figures/updatem.eps Graphic file (type eps)
 <./figures/updatem.eps> [108]
File: ./figures/da-exe1.eps Graphic file (type eps)

<./figures/da-exe1.eps>
Underfull \vbox (badness 10000) has occurred while \output is active []

 [109]
[110]
File: ./figures/exe_ar.eps Graphic file (type eps)
 <./figures/exe_ar.eps>
File: ./figures/da-energy.eps Graphic file (type eps)
 <./figures/da-energy.eps> [111] [112]
File: ./figures/upd_rand_bar.eps Graphic file (type eps)

<./figures/upd_rand_bar.eps>
File: ./figures/exe_rand_bar.eps Graphic file (type eps)
 <./figures/exe_rand_bar.eps> [113]
Underfull \vbox (badness 7344) has occurred while \output is active []

 [114]
File: ./figures/update2.eps Graphic file (type eps)

<./figures/update2.eps>
Underfull \vbox (badness 10000) has occurred while \output is active []

 [115]
Underfull \vbox (badness 4013) has occurred while \output is active []

 [116]
File: ./figures/updatem2.eps Graphic file (type eps)

<./figures/updatem2.eps>
File: figures/da-exe2.eps Graphic file (type eps)
 <figures/da-exe2.eps> [117]
File: figures/fsizes.eps Graphic file (type eps)
 <figures/fsizes.eps>
[118] [119]
File: figures/ftime.eps Graphic file (type eps)
 <figures/ftime.eps>
File: figures/fdist1.eps Graphic file (type eps)
 <figures/fdist1.eps>
File: figures/fdist3.eps Graphic file (type eps)
 <figures/fdist3.eps>
[120] [121]
File: figures/fdist2.eps Graphic file (type eps)
 <figures/fdist2.eps>
File: figures/fcache.eps Graphic file (type eps)
 <figures/fcache.eps>) [122] [123]
\openout2 = `conclusion.aux'.


(./conclusion.tex
Chapter 7
[124



]
Underfull \vbox (badness 4647) has occurred while \output is active []

 [125]
[126]) [127]
BIBLIOGRAPHY
(./thesis1.bbl
Underfull \hbox (badness 10000) in paragraph at lines 7--10
[]\OT1/cmr/m/n/12 DSPStone bench-mark suite.  Web-site, 1995.  http://iss.rwth-

 []

[128


]
Underfull \hbox (badness 10000) in paragraph at lines 115--118
[]\OT1/cmr/m/n/12 Coin-or.  Non-lin-ear mixed in-te-ger pro-gram-ming, 2006.
 []


Overfull \hbox (10.93279pt too wide) in paragraph at lines 125--130
[][][][][][]\OT1/cmr/m/n/12 . 
 []


Overfull \hbox (10.93279pt too wide) in paragraph at lines 132--137
[][][][][][]\OT1/cmr/m/n/12 . 
 []


Overfull \hbox (16.68147pt too wide) in paragraph at lines 144--149
[][][][][][]\OT1/cmr/m/n/12 . 
 []


Overfull \hbox (16.68147pt too wide) in paragraph at lines 151--156
[][][][][][]\OT1/cmr/m/n/12 . 
 []


Underfull \hbox (badness 6625) in paragraph at lines 158--161
[]\OT1/cmr/m/n/12 T. Crunchies.  Tech crunchies -- in-ter-net statis-tics and n
um-bers, 2010.
 []

[129] [130]
Missing character: There is no ^^ef in font cmr12!
Missing character: There is no ^^bf in font cmr12!
Missing character: There is no ^^bd in font cmr12!
 [131]
Overfull \hbox (23.2848pt too wide) in paragraph at lines 360--363
[]\OT1/cmr/m/n/12 J. Regehr.  Tinyos stack anal-y-sis, 2009.  [][][][][][]. 
 []


Underfull \hbox (badness 10000) in paragraph at lines 373--376
[]\OT1/cmr/m/n/12 V. Ri-j-men and J. Dae-men.  Ad-vanced en-cryp-tion stan-dard
, 1998.
 []

[132]
Underfull \hbox (badness 10000) in paragraph at lines 450--453
[]\OT1/cmr/m/n/12 Wikipedia.  Al-ka-line tech-ni-cal in-for-ma-tion, 2007.
 []

)
\openout3 = `thesis1.etd'.

 [133] (./thesis1.aux (./intro.aux) (./related.aux) (./compiler.aux)
(./patch.aux) (./protocol.aux) (./experiment.aux) (./conclusion.aux)) ) 
Here is how much of TeX's memory you used:
 4229 strings out of 95847
 54372 string characters out of 1195947
 159461 words of memory out of 1000001
 7001 multiletter control sequences out of 10000+50000
 12899 words of font info for 47 fonts, out of 500000 for 1000
 14 hyphenation exceptions out of 1000
 31i,16n,38p,1189b,807s stack positions out of 1500i,500n,5000p,200000b,5000s

Output written on thesis1.dvi (144 pages, 670440 bytes).
